\BOOKMARK [1][-]{section.1}{Introduction}{}% 1
\BOOKMARK [2][-]{subsection.1.1}{Problem Statement}{section.1}% 2
\BOOKMARK [2][-]{subsection.1.2}{Proposed Work}{section.1}% 3
\BOOKMARK [2][-]{subsection.1.3}{Keypoint Estimation}{section.1}% 4
\BOOKMARK [2][-]{subsection.1.4}{Viewpoint Invariance}{section.1}% 5
\BOOKMARK [1][-]{section.2}{Approach}{}% 6
\BOOKMARK [2][-]{subsection.2.1}{Data Pre-processing}{section.2}% 7
\BOOKMARK [2][-]{subsection.2.2}{Invariance}{section.2}% 8
\BOOKMARK [3][-]{subsubsection.2.2.1}{Invariant Form Transformation}{subsection.2.2}% 9
\BOOKMARK [2][-]{subsection.2.3}{Architecture}{section.2}% 10
\BOOKMARK [3][-]{subsubsection.2.3.1}{Models}{subsection.2.3}% 11
\BOOKMARK [1][-]{section.3}{Experiments}{}% 12
\BOOKMARK [2][-]{subsection.3.1}{Data}{section.3}% 13
\BOOKMARK [3][-]{subsubsection.3.1.1}{Dataset Composition}{subsection.3.1}% 14
\BOOKMARK [2][-]{subsection.3.2}{Training}{section.3}% 15
\BOOKMARK [2][-]{subsection.3.3}{Results}{section.3}% 16
\BOOKMARK [3][-]{subsubsection.3.3.1}{Internal Comparisons}{subsection.3.3}% 17
\BOOKMARK [3][-]{subsubsection.3.3.2}{External Comparisons}{subsection.3.3}% 18
\BOOKMARK [1][-]{section.4}{Conclusion}{}% 19
\BOOKMARK [2][-]{subsection.4.1}{Future Work}{section.4}% 20
\BOOKMARK [1][-]{section.5}{Contributions}{}% 21
